{
  "RSpec": {
    "coverage": {
      "/Users/amr/RubymineProjects/eventbrite/app/models/user.rb": [
        1,
        null,
        null,
        1,
        null,
        null,
        1,
        null
      ],
      "/Users/amr/RubymineProjects/eventbrite/app/models/application_record.rb": [
        1,
        1,
        null
      ],
      "/Users/amr/RubymineProjects/eventbrite/app/helpers/application_helper.rb": [
        1,
        1,
        1,
        null,
        null,
        1,
        1,
        null,
        null,
        1,
        1,
        null,
        null,
        null
      ],
      "/Users/amr/RubymineProjects/eventbrite/app/helpers/events_helper.rb": [
        1,
        null,
        1,
        2,
        null,
        null,
        null,
        1,
        1,
        null,
        null
      ],
      "/Users/amr/RubymineProjects/eventbrite/app/controllers/concerns/uber_concern.rb": [
        1,
        1,
        1,
        1,
        1,
        null,
        null
      ],
      "/Users/amr/RubymineProjects/eventbrite/app/controllers/events_controller.rb": [
        1,
        1,
        1,
        null,
        1,
        null,
        null,
        null,
        1,
        2,
        null,
        null,
        null,
        null,
        1,
        null,
        null,
        null,
        1,
        1,
        null,
        null,
        null,
        1,
        null,
        null,
        1,
        2,
        2,
        1,
        1,
        null,
        null,
        null,
        null,
        null,
        1,
        2,
        2,
        2,
        2,
        null,
        2,
        1,
        null,
        null,
        null,
        null,
        null,
        null,
        1,
        2,
        2,
        2,
        1,
        null,
        2,
        1,
        null,
        null,
        null,
        null,
        null,
        null,
        1,
        1,
        1,
        2,
        1,
        null,
        null,
        null,
        1,
        null,
        1,
        5,
        null,
        null,
        null,
        1,
        4,
        null,
        null,
        1,
        4,
        null,
        null
      ],
      "/Users/amr/RubymineProjects/eventbrite/app/controllers/application_controller.rb": [
        1,
        1,
        null
      ],
      "/Users/amr/RubymineProjects/eventbrite/app/models/event.rb": [
        1,
        1,
        1,
        1,
        null,
        1,
        null
      ],
      "/Users/amr/RubymineProjects/eventbrite/app/models/venue.rb": [
        1,
        1,
        null
      ]
    },
    "timestamp": 1534104242
  }
}
